[     104ms] [ERROR] WebSocket connection to 'ws://127.0.0.1:10302/vite/?token=-Z6qEODn2EHL' failed: Error during WebSocket handshake: net::ERR_CONNECTION_RESET @ http://localhost:10301/vite/@vite/client:744
[     104ms] [ERROR] [vite] failed to connect to websocket (Error: WebSocket closed without opened.).  @ http://localhost:10301/vite/@vite/client:771
[     112ms] Error: WebSocket closed without opened.
    at WebSocket.<anonymous> (http://localhost:10301/vite/@vite/client:423:30)
[ 9313807ms] [ERROR] WebSocket connection to 'ws://localhost:10301/cable' failed: Error in connection establishment: net::ERR_CONNECTION_REFUSED @ http://localhost:10301/vite/@fs/app/node_modules/.vite/deps/src-RU3CVXEY.js?v=692a1839:174
[ 9321722ms] [ERROR] WebSocket connection to 'ws://localhost:10301/cable' failed: Error in connection establishment: net::ERR_CONNECTION_REFUSED @ http://localhost:10301/vite/@fs/app/node_modules/.vite/deps/src-RU3CVXEY.js?v=692a1839:174
[ 9330714ms] [ERROR] WebSocket connection to 'ws://localhost:10301/cable' failed: Error in connection establishment: net::ERR_CONNECTION_REFUSED @ http://localhost:10301/vite/@fs/app/node_modules/.vite/deps/src-RU3CVXEY.js?v=692a1839:174
[ 9340086ms] [ERROR] WebSocket connection to 'ws://localhost:10301/cable' failed: Error in connection establishment: net::ERR_CONNECTION_REFUSED @ http://localhost:10301/vite/@fs/app/node_modules/.vite/deps/src-RU3CVXEY.js?v=692a1839:174
[ 9351980ms] [ERROR] WebSocket connection to 'ws://localhost:10301/cable' failed: Error during WebSocket handshake: net::ERR_CONNECTION_RESET @ http://localhost:10301/vite/@fs/app/node_modules/.vite/deps/src-RU3CVXEY.js?v=692a1839:174
[10507612ms] [ERROR] WebSocket connection to 'ws://localhost:10301/cable' failed: Error in connection establishment: net::ERR_CONNECTION_REFUSED @ http://localhost:10301/vite/@fs/app/node_modules/.vite/deps/src-RU3CVXEY.js?v=692a1839:174
[10540552ms] [ERROR] WebSocket connection to 'ws://localhost:10301/cable' failed: Error in connection establishment: net::ERR_CONNECTION_REFUSED @ http://localhost:10301/vite/@fs/app/node_modules/.vite/deps/src-RU3CVXEY.js?v=692a1839:174
[10547851ms] [ERROR] WebSocket connection to 'ws://localhost:10301/cable' failed: Error in connection establishment: net::ERR_CONNECTION_REFUSED @ http://localhost:10301/vite/@fs/app/node_modules/.vite/deps/src-RU3CVXEY.js?v=692a1839:174
[10556475ms] [ERROR] WebSocket connection to 'ws://localhost:10301/cable' failed: Error in connection establishment: net::ERR_CONNECTION_REFUSED @ http://localhost:10301/vite/@fs/app/node_modules/.vite/deps/src-RU3CVXEY.js?v=692a1839:174
[10566461ms] [ERROR] WebSocket connection to 'ws://localhost:10301/cable' failed: Error in connection establishment: net::ERR_CONNECTION_REFUSED @ http://localhost:10301/vite/@fs/app/node_modules/.vite/deps/src-RU3CVXEY.js?v=692a1839:174
[10577423ms] [ERROR] WebSocket connection to 'ws://localhost:10301/cable' failed: Error in connection establishment: net::ERR_CONNECTION_REFUSED @ http://localhost:10301/vite/@fs/app/node_modules/.vite/deps/src-RU3CVXEY.js?v=692a1839:174
[10591268ms] [ERROR] WebSocket connection to 'ws://localhost:10301/cable' failed: Error in connection establishment: net::ERR_CONNECTION_REFUSED @ http://localhost:10301/vite/@fs/app/node_modules/.vite/deps/src-RU3CVXEY.js?v=692a1839:174
[10625174ms] [ERROR] WebSocket connection to 'ws://localhost:10301/cable' failed: Error in connection establishment: net::ERR_CONNECTION_REFUSED @ http://localhost:10301/vite/@fs/app/node_modules/.vite/deps/src-RU3CVXEY.js?v=692a1839:174
[10632785ms] [ERROR] WebSocket connection to 'ws://localhost:10301/cable' failed: Error in connection establishment: net::ERR_CONNECTION_REFUSED @ http://localhost:10301/vite/@fs/app/node_modules/.vite/deps/src-RU3CVXEY.js?v=692a1839:174
[10641571ms] [ERROR] WebSocket connection to 'ws://localhost:10301/cable' failed: Error in connection establishment: net::ERR_CONNECTION_REFUSED @ http://localhost:10301/vite/@fs/app/node_modules/.vite/deps/src-RU3CVXEY.js?v=692a1839:174
[10651155ms] [ERROR] WebSocket connection to 'ws://localhost:10301/cable' failed: Error in connection establishment: net::ERR_CONNECTION_REFUSED @ http://localhost:10301/vite/@fs/app/node_modules/.vite/deps/src-RU3CVXEY.js?v=692a1839:174
[10661966ms] [ERROR] WebSocket connection to 'ws://localhost:10301/cable' failed: Error in connection establishment: net::ERR_CONNECTION_REFUSED @ http://localhost:10301/vite/@fs/app/node_modules/.vite/deps/src-RU3CVXEY.js?v=692a1839:174
[12085685ms] [ERROR] WebSocket connection to 'ws://localhost:10301/cable' failed: Error in connection establishment: net::ERR_CONNECTION_REFUSED @ http://localhost:10301/vite/@fs/app/node_modules/.vite/deps/src-RU3CVXEY.js?v=692a1839:174
[12092879ms] [ERROR] WebSocket connection to 'ws://localhost:10301/cable' failed: Error in connection establishment: net::ERR_CONNECTION_REFUSED @ http://localhost:10301/vite/@fs/app/node_modules/.vite/deps/src-RU3CVXEY.js?v=692a1839:174
[12101848ms] [ERROR] WebSocket connection to 'ws://localhost:10301/cable' failed: Error during WebSocket handshake: net::ERR_CONNECTION_RESET @ http://localhost:10301/vite/@fs/app/node_modules/.vite/deps/src-RU3CVXEY.js?v=692a1839:174
[13242811ms] [ERROR] WebSocket connection to 'ws://localhost:10301/cable' failed: Error in connection establishment: net::ERR_CONNECTION_REFUSED @ http://localhost:10301/vite/@fs/app/node_modules/.vite/deps/src-RU3CVXEY.js?v=692a1839:174
[13402003ms] [ERROR] WebSocket connection to 'ws://localhost:10301/cable' failed: Error in connection establishment: net::ERR_CONNECTION_REFUSED @ http://localhost:10301/vite/@fs/app/node_modules/.vite/deps/src-RU3CVXEY.js?v=692a1839:174
[13408934ms] [ERROR] WebSocket connection to 'ws://localhost:10301/cable' failed: Error in connection establishment: net::ERR_CONNECTION_REFUSED @ http://localhost:10301/vite/@fs/app/node_modules/.vite/deps/src-RU3CVXEY.js?v=692a1839:174
[13448516ms] [ERROR] WebSocket connection to 'ws://localhost:10301/cable' failed: Error in connection establishment: net::ERR_CONNECTION_REFUSED @ http://localhost:10301/vite/@fs/app/node_modules/.vite/deps/src-RU3CVXEY.js?v=692a1839:174
[13455823ms] [ERROR] WebSocket connection to 'ws://localhost:10301/cable' failed: Error in connection establishment: net::ERR_CONNECTION_REFUSED @ http://localhost:10301/vite/@fs/app/node_modules/.vite/deps/src-RU3CVXEY.js?v=692a1839:174
[13464677ms] [ERROR] WebSocket connection to 'ws://localhost:10301/cable' failed: Error in connection establishment: net::ERR_CONNECTION_REFUSED @ http://localhost:10301/vite/@fs/app/node_modules/.vite/deps/src-RU3CVXEY.js?v=692a1839:174
[13473989ms] [ERROR] WebSocket connection to 'ws://localhost:10301/cable' failed: Error in connection establishment: net::ERR_CONNECTION_REFUSED @ http://localhost:10301/vite/@fs/app/node_modules/.vite/deps/src-RU3CVXEY.js?v=692a1839:174
[13532548ms] [ERROR] WebSocket connection to 'ws://localhost:10301/cable' failed: Error in connection establishment: net::ERR_CONNECTION_REFUSED @ http://localhost:10301/vite/@fs/app/node_modules/.vite/deps/src-RU3CVXEY.js?v=692a1839:174
[13540259ms] [ERROR] WebSocket connection to 'ws://localhost:10301/cable' failed: Error in connection establishment: net::ERR_CONNECTION_REFUSED @ http://localhost:10301/vite/@fs/app/node_modules/.vite/deps/src-RU3CVXEY.js?v=692a1839:174
[13548874ms] [ERROR] WebSocket connection to 'ws://localhost:10301/cable' failed: Error in connection establishment: net::ERR_CONNECTION_REFUSED @ http://localhost:10301/vite/@fs/app/node_modules/.vite/deps/src-RU3CVXEY.js?v=692a1839:174
[13558320ms] [ERROR] WebSocket connection to 'ws://localhost:10301/cable' failed: Error in connection establishment: net::ERR_CONNECTION_REFUSED @ http://localhost:10301/vite/@fs/app/node_modules/.vite/deps/src-RU3CVXEY.js?v=692a1839:174
[13568991ms] [ERROR] WebSocket connection to 'ws://localhost:10301/cable' failed: Error in connection establishment: net::ERR_CONNECTION_REFUSED @ http://localhost:10301/vite/@fs/app/node_modules/.vite/deps/src-RU3CVXEY.js?v=692a1839:174
[13582794ms] [ERROR] WebSocket connection to 'ws://localhost:10301/cable' failed: Error in connection establishment: net::ERR_CONNECTION_REFUSED @ http://localhost:10301/vite/@fs/app/node_modules/.vite/deps/src-RU3CVXEY.js?v=692a1839:174
[13598546ms] [ERROR] WebSocket connection to 'ws://localhost:10301/cable' failed: Error in connection establishment: net::ERR_CONNECTION_REFUSED @ http://localhost:10301/vite/@fs/app/node_modules/.vite/deps/src-RU3CVXEY.js?v=692a1839:174
[13614807ms] [ERROR] WebSocket connection to 'ws://localhost:10301/cable' failed: Error in connection establishment: net::ERR_CONNECTION_REFUSED @ http://localhost:10301/vite/@fs/app/node_modules/.vite/deps/src-RU3CVXEY.js?v=692a1839:174
[13635742ms] [ERROR] WebSocket connection to 'ws://localhost:10301/cable' failed: Error in connection establishment: net::ERR_CONNECTION_REFUSED @ http://localhost:10301/vite/@fs/app/node_modules/.vite/deps/src-RU3CVXEY.js?v=692a1839:174
[13659791ms] [ERROR] WebSocket connection to 'ws://localhost:10301/cable' failed: Error in connection establishment: net::ERR_CONNECTION_REFUSED @ http://localhost:10301/vite/@fs/app/node_modules/.vite/deps/src-RU3CVXEY.js?v=692a1839:174
[13685448ms] [ERROR] WebSocket connection to 'ws://localhost:10301/cable' failed: Error in connection establishment: net::ERR_CONNECTION_REFUSED @ http://localhost:10301/vite/@fs/app/node_modules/.vite/deps/src-RU3CVXEY.js?v=692a1839:174
[13711898ms] [ERROR] WebSocket connection to 'ws://localhost:10301/cable' failed: Error in connection establishment: net::ERR_CONNECTION_REFUSED @ http://localhost:10301/vite/@fs/app/node_modules/.vite/deps/src-RU3CVXEY.js?v=692a1839:174
[13737819ms] [ERROR] WebSocket connection to 'ws://localhost:10301/cable' failed: Error in connection establishment: net::ERR_CONNECTION_REFUSED @ http://localhost:10301/vite/@fs/app/node_modules/.vite/deps/src-RU3CVXEY.js?v=692a1839:174
[13764204ms] [ERROR] WebSocket connection to 'ws://localhost:10301/cable' failed: Error in connection establishment: net::ERR_CONNECTION_REFUSED @ http://localhost:10301/vite/@fs/app/node_modules/.vite/deps/src-RU3CVXEY.js?v=692a1839:174
[13791039ms] [ERROR] WebSocket connection to 'ws://localhost:10301/cable' failed: Error in connection establishment: net::ERR_CONNECTION_REFUSED @ http://localhost:10301/vite/@fs/app/node_modules/.vite/deps/src-RU3CVXEY.js?v=692a1839:174
[13816776ms] [ERROR] WebSocket connection to 'ws://localhost:10301/cable' failed: Error in connection establishment: net::ERR_CONNECTION_REFUSED @ http://localhost:10301/vite/@fs/app/node_modules/.vite/deps/src-RU3CVXEY.js?v=692a1839:174
[13842863ms] [ERROR] WebSocket connection to 'ws://localhost:10301/cable' failed: Error in connection establishment: net::ERR_CONNECTION_REFUSED @ http://localhost:10301/vite/@fs/app/node_modules/.vite/deps/src-RU3CVXEY.js?v=692a1839:174
[13869639ms] [ERROR] WebSocket connection to 'ws://localhost:10301/cable' failed: Error in connection establishment: net::ERR_CONNECTION_REFUSED @ http://localhost:10301/vite/@fs/app/node_modules/.vite/deps/src-RU3CVXEY.js?v=692a1839:174
[13894724ms] [ERROR] WebSocket connection to 'ws://localhost:10301/cable' failed: Error in connection establishment: net::ERR_CONNECTION_REFUSED @ http://localhost:10301/vite/@fs/app/node_modules/.vite/deps/src-RU3CVXEY.js?v=692a1839:174
[13919069ms] [ERROR] WebSocket connection to 'ws://localhost:10301/cable' failed: Error in connection establishment: net::ERR_CONNECTION_REFUSED @ http://localhost:10301/vite/@fs/app/node_modules/.vite/deps/src-RU3CVXEY.js?v=692a1839:174
[13943499ms] [ERROR] WebSocket connection to 'ws://localhost:10301/cable' failed: Error in connection establishment: net::ERR_CONNECTION_REFUSED @ http://localhost:10301/vite/@fs/app/node_modules/.vite/deps/src-RU3CVXEY.js?v=692a1839:174
[13968315ms] [ERROR] WebSocket connection to 'ws://localhost:10301/cable' failed: Error in connection establishment: net::ERR_CONNECTION_REFUSED @ http://localhost:10301/vite/@fs/app/node_modules/.vite/deps/src-RU3CVXEY.js?v=692a1839:174
[13994583ms] [ERROR] WebSocket connection to 'ws://localhost:10301/cable' failed: Error in connection establishment: net::ERR_CONNECTION_REFUSED @ http://localhost:10301/vite/@fs/app/node_modules/.vite/deps/src-RU3CVXEY.js?v=692a1839:174
[14019195ms] [ERROR] WebSocket connection to 'ws://localhost:10301/cable' failed: Error in connection establishment: net::ERR_CONNECTION_REFUSED @ http://localhost:10301/vite/@fs/app/node_modules/.vite/deps/src-RU3CVXEY.js?v=692a1839:174
[14044521ms] [ERROR] WebSocket connection to 'ws://localhost:10301/cable' failed: Error in connection establishment: net::ERR_CONNECTION_REFUSED @ http://localhost:10301/vite/@fs/app/node_modules/.vite/deps/src-RU3CVXEY.js?v=692a1839:174
[14071803ms] [ERROR] WebSocket connection to 'ws://localhost:10301/cable' failed: Error in connection establishment: net::ERR_CONNECTION_REFUSED @ http://localhost:10301/vite/@fs/app/node_modules/.vite/deps/src-RU3CVXEY.js?v=692a1839:174
[14098656ms] [ERROR] WebSocket connection to 'ws://localhost:10301/cable' failed: Error in connection establishment: net::ERR_CONNECTION_REFUSED @ http://localhost:10301/vite/@fs/app/node_modules/.vite/deps/src-RU3CVXEY.js?v=692a1839:174
[14124143ms] [ERROR] WebSocket connection to 'ws://localhost:10301/cable' failed: Error in connection establishment: net::ERR_CONNECTION_REFUSED @ http://localhost:10301/vite/@fs/app/node_modules/.vite/deps/src-RU3CVXEY.js?v=692a1839:174
[14150452ms] [ERROR] WebSocket connection to 'ws://localhost:10301/cable' failed: Error during WebSocket handshake: net::ERR_CONNECTION_RESET @ http://localhost:10301/vite/@fs/app/node_modules/.vite/deps/src-RU3CVXEY.js?v=692a1839:174
