[     308ms] [ERROR] WebSocket connection to 'ws://127.0.0.1:10302/vite/?token=8LrvtAuv-dw1' failed: Error in connection establishment: net::ERR_SOCKET_NOT_CONNECTED @ http://localhost:10301/vite/@vite/client:744
[     308ms] [ERROR] [vite] failed to connect to websocket (Error: WebSocket closed without opened.).  @ http://localhost:10301/vite/@vite/client:771
[     310ms] Error: WebSocket closed without opened.
    at WebSocket.<anonymous> (http://localhost:10301/vite/@vite/client:423:30)
[     405ms] [INFO] [pwa] sw registered, scope: http://localhost:10301/ @ http://localhost:10301/vite/entrypoints/pwa.js:7
[  170828ms] [ERROR] WebSocket connection to 'ws://localhost:10301/cable' failed: Error in connection establishment: net::ERR_CONNECTION_REFUSED @ http://localhost:10301/vite/@fs/app/node_modules/.vite/deps/src-T2DHKQQI.js?v=6be70a8e:174
[  178408ms] [ERROR] WebSocket connection to 'ws://localhost:10301/cable' failed: Error in connection establishment: net::ERR_CONNECTION_REFUSED @ http://localhost:10301/vite/@fs/app/node_modules/.vite/deps/src-T2DHKQQI.js?v=6be70a8e:174
[  224402ms] [ERROR] WebSocket connection to 'ws://localhost:10301/cable' failed: Error in connection establishment: net::ERR_CONNECTION_REFUSED @ http://localhost:10301/vite/@fs/app/node_modules/.vite/deps/src-T2DHKQQI.js?v=6be70a8e:174
[  232090ms] [ERROR] WebSocket connection to 'ws://localhost:10301/cable' failed: Error in connection establishment: net::ERR_CONNECTION_REFUSED @ http://localhost:10301/vite/@fs/app/node_modules/.vite/deps/src-T2DHKQQI.js?v=6be70a8e:174
[  240882ms] [ERROR] WebSocket connection to 'ws://localhost:10301/cable' failed: Error in connection establishment: net::ERR_CONNECTION_REFUSED @ http://localhost:10301/vite/@fs/app/node_modules/.vite/deps/src-T2DHKQQI.js?v=6be70a8e:174
[  251353ms] [ERROR] WebSocket connection to 'ws://localhost:10301/cable' failed: Error in connection establishment: net::ERR_CONNECTION_REFUSED @ http://localhost:10301/vite/@fs/app/node_modules/.vite/deps/src-T2DHKQQI.js?v=6be70a8e:174
[  261949ms] [ERROR] WebSocket connection to 'ws://localhost:10301/cable' failed: Error in connection establishment: net::ERR_CONNECTION_REFUSED @ http://localhost:10301/vite/@fs/app/node_modules/.vite/deps/src-T2DHKQQI.js?v=6be70a8e:174
[  274330ms] [ERROR] WebSocket connection to 'ws://localhost:10301/cable' failed: Error in connection establishment: net::ERR_CONNECTION_REFUSED @ http://localhost:10301/vite/@fs/app/node_modules/.vite/deps/src-T2DHKQQI.js?v=6be70a8e:174
[  289462ms] [ERROR] WebSocket connection to 'ws://localhost:10301/cable' failed: Error in connection establishment: net::ERR_CONNECTION_REFUSED @ http://localhost:10301/vite/@fs/app/node_modules/.vite/deps/src-T2DHKQQI.js?v=6be70a8e:174
[  306006ms] [ERROR] WebSocket connection to 'ws://localhost:10301/cable' failed: Error in connection establishment: net::ERR_CONNECTION_REFUSED @ http://localhost:10301/vite/@fs/app/node_modules/.vite/deps/src-T2DHKQQI.js?v=6be70a8e:174
[  324407ms] [ERROR] WebSocket connection to 'ws://localhost:10301/cable' failed: Error in connection establishment: net::ERR_CONNECTION_REFUSED @ http://localhost:10301/vite/@fs/app/node_modules/.vite/deps/src-T2DHKQQI.js?v=6be70a8e:174
[  348433ms] [ERROR] WebSocket connection to 'ws://localhost:10301/cable' failed: Error in connection establishment: net::ERR_CONNECTION_REFUSED @ http://localhost:10301/vite/@fs/app/node_modules/.vite/deps/src-T2DHKQQI.js?v=6be70a8e:174
[  373231ms] [ERROR] WebSocket connection to 'ws://localhost:10301/cable' failed: Error in connection establishment: net::ERR_CONNECTION_REFUSED @ http://localhost:10301/vite/@fs/app/node_modules/.vite/deps/src-T2DHKQQI.js?v=6be70a8e:174
[  400870ms] [ERROR] WebSocket connection to 'ws://localhost:10301/cable' failed: Error in connection establishment: net::ERR_CONNECTION_REFUSED @ http://localhost:10301/vite/@fs/app/node_modules/.vite/deps/src-T2DHKQQI.js?v=6be70a8e:174
[  427588ms] [ERROR] WebSocket connection to 'ws://localhost:10301/cable' failed: Error in connection establishment: net::ERR_CONNECTION_REFUSED @ http://localhost:10301/vite/@fs/app/node_modules/.vite/deps/src-T2DHKQQI.js?v=6be70a8e:174
[  453323ms] [ERROR] WebSocket connection to 'ws://localhost:10301/cable' failed: Error in connection establishment: net::ERR_CONNECTION_REFUSED @ http://localhost:10301/vite/@fs/app/node_modules/.vite/deps/src-T2DHKQQI.js?v=6be70a8e:174
[  477833ms] [ERROR] WebSocket connection to 'ws://localhost:10301/cable' failed: Error in connection establishment: net::ERR_CONNECTION_REFUSED @ http://localhost:10301/vite/@fs/app/node_modules/.vite/deps/src-T2DHKQQI.js?v=6be70a8e:174
