[      54ms] [ERROR] WebSocket connection to 'ws://127.0.0.1:10302/vite/?token=8LrvtAuv-dw1' failed: Error during WebSocket handshake: net::ERR_CONNECTION_RESET @ http://localhost:10301/vite/@vite/client:744
[      54ms] [ERROR] [vite] failed to connect to websocket (Error: WebSocket closed without opened.).  @ http://localhost:10301/vite/@vite/client:771
[      55ms] Error: WebSocket closed without opened.
    at WebSocket.<anonymous> (http://localhost:10301/vite/@vite/client:423:30)
[     145ms] [INFO] [pwa] sw registered, scope: http://localhost:10301/ @ http://localhost:10301/vite/entrypoints/pwa.js:7
[  211583ms] [ERROR] WebSocket connection to 'ws://127.0.0.1:10302/vite/?token=8LrvtAuv-dw1' failed: Error in connection establishment: net::ERR_SOCKET_NOT_CONNECTED @ http://localhost:10301/vite/@vite/client:744
[  211583ms] [ERROR] [vite] failed to connect to websocket (Error: WebSocket closed without opened.).  @ http://localhost:10301/vite/@vite/client:771
[  211584ms] Error: WebSocket closed without opened.
    at WebSocket.<anonymous> (http://localhost:10301/vite/@vite/client:423:30)
[  211672ms] [INFO] [pwa] sw registered, scope: http://localhost:10301/ @ http://localhost:10301/vite/entrypoints/pwa.js:7
[  211676ms] [INFO] Banner not shown: beforeinstallpromptevent.preventDefault() called. The page must call beforeinstallpromptevent.prompt() to show the banner. @ http://localhost:10301/kid/academy/subjects/mente-forte/missions/celular-dif%C3%ADcil-parar/advance:0
[  350090ms] [ERROR] WebSocket connection to 'ws://127.0.0.1:10302/vite/?token=8LrvtAuv-dw1' failed: Error in connection establishment: net::ERR_SOCKET_NOT_CONNECTED @ http://localhost:10301/vite/@vite/client:744
[  350091ms] [ERROR] [vite] failed to connect to websocket (Error: WebSocket closed without opened.).  @ http://localhost:10301/vite/@vite/client:771
[  350091ms] Error: WebSocket closed without opened.
    at WebSocket.<anonymous> (http://localhost:10301/vite/@vite/client:423:30)
[  350241ms] [INFO] [pwa] sw registered, scope: http://localhost:10301/ @ http://localhost:10301/vite/entrypoints/pwa.js:7
[  350244ms] [INFO] Banner not shown: beforeinstallpromptevent.preventDefault() called. The page must call beforeinstallpromptevent.prompt() to show the banner. @ http://localhost:10301/kid/academy/subjects/mente-forte/missions/celular-dif%C3%ADcil-parar/advance:0
[  405545ms] [ERROR] WebSocket connection to 'ws://127.0.0.1:10302/vite/?token=8LrvtAuv-dw1' failed: Error in connection establishment: net::ERR_SOCKET_NOT_CONNECTED @ http://localhost:10301/vite/@vite/client:744
[  405546ms] [ERROR] [vite] failed to connect to websocket (Error: WebSocket closed without opened.).  @ http://localhost:10301/vite/@vite/client:771
[  405547ms] Error: WebSocket closed without opened.
    at WebSocket.<anonymous> (http://localhost:10301/vite/@vite/client:423:30)
[  405695ms] [INFO] [pwa] sw registered, scope: http://localhost:10301/ @ http://localhost:10301/vite/entrypoints/pwa.js:7
[  405699ms] [INFO] Banner not shown: beforeinstallpromptevent.preventDefault() called. The page must call beforeinstallpromptevent.prompt() to show the banner. @ http://localhost:10301/kid/academy/subjects/mente-forte/missions/celular-dif%C3%ADcil-parar/advance:0
[  492148ms] [ERROR] WebSocket connection to 'ws://127.0.0.1:10302/vite/?token=8LrvtAuv-dw1' failed: Error in connection establishment: net::ERR_SOCKET_NOT_CONNECTED @ http://localhost:10301/vite/@vite/client:744
[  492148ms] [ERROR] [vite] failed to connect to websocket (Error: WebSocket closed without opened.).  @ http://localhost:10301/vite/@vite/client:771
[  492149ms] Error: WebSocket closed without opened.
    at WebSocket.<anonymous> (http://localhost:10301/vite/@vite/client:423:30)
[  492287ms] [INFO] [pwa] sw registered, scope: http://localhost:10301/ @ http://localhost:10301/vite/entrypoints/pwa.js:7
[  492293ms] [INFO] Banner not shown: beforeinstallpromptevent.preventDefault() called. The page must call beforeinstallpromptevent.prompt() to show the banner. @ http://localhost:10301/kid/academy/subjects/mente-forte/missions/celular-dif%C3%ADcil-parar/advance:0
[  551800ms] [ERROR] WebSocket connection to 'ws://127.0.0.1:10302/vite/?token=8LrvtAuv-dw1' failed: Error in connection establishment: net::ERR_SOCKET_NOT_CONNECTED @ http://localhost:10301/vite/@vite/client:744
[  551800ms] [ERROR] [vite] failed to connect to websocket (Error: WebSocket closed without opened.).  @ http://localhost:10301/vite/@vite/client:771
[  551801ms] Error: WebSocket closed without opened.
    at WebSocket.<anonymous> (http://localhost:10301/vite/@vite/client:423:30)
[  551910ms] [INFO] [pwa] sw registered, scope: http://localhost:10301/ @ http://localhost:10301/vite/entrypoints/pwa.js:7
[  551914ms] [INFO] Banner not shown: beforeinstallpromptevent.preventDefault() called. The page must call beforeinstallpromptevent.prompt() to show the banner. @ http://localhost:10301/kid/academy/subjects/mente-forte/missions/celular-dif%C3%ADcil-parar:0
[  552190ms] [ERROR] Failed to load resource: the server responded with a status of 404 (Not Found) @ http://localhost:10301/kid/academy/subjects/mente-forte/missions/celular-dif%C3%ADcil-parar/visits/1195:0
[  554221ms] [ERROR] Failed to load resource: the server responded with a status of 404 (Not Found) @ http://localhost:10301/kid/academy/subjects/mente-forte/missions/celular-dif%C3%ADcil-parar/visits/1195:0
[  573022ms] [ERROR] Failed to load resource: the server responded with a status of 404 (Not Found) @ http://localhost:10301/kid/academy/subjects/mente-forte/missions/celular-dif%C3%ADcil-parar/visits/1195:0
