[     100ms] [ERROR] WebSocket connection to 'ws://127.0.0.1:10302/vite/?token=jnn1I9UlgJ-l' failed: Connection closed before receiving a handshake response @ http://localhost:10301/vite/@vite/client:744
[     100ms] [ERROR] [vite] failed to connect to websocket (Error: WebSocket closed without opened.).  @ http://localhost:10301/vite/@vite/client:771
[     106ms] Error: WebSocket closed without opened.
    at WebSocket.<anonymous> (http://localhost:10301/vite/@vite/client:423:30)
[     163ms] [INFO] [pwa] sw registered, scope: http://localhost:10301/ @ http://localhost:10301/vite/entrypoints/pwa.js:7
[ 2066173ms] [ERROR] WebSocket connection to 'ws://localhost:10301/cable' failed: Error in connection establishment: net::ERR_CONNECTION_REFUSED @ http://localhost:10301/vite/@fs/app/node_modules/.vite/deps/src-T2DHKQQI.js?v=6be70a8e:174
[ 2073229ms] [ERROR] WebSocket connection to 'ws://localhost:10301/cable' failed: Error in connection establishment: net::ERR_CONNECTION_REFUSED @ http://localhost:10301/vite/@fs/app/node_modules/.vite/deps/src-T2DHKQQI.js?v=6be70a8e:174
[ 2081699ms] [ERROR] WebSocket connection to 'ws://localhost:10301/cable' failed: Error in connection establishment: net::ERR_CONNECTION_REFUSED @ http://localhost:10301/vite/@fs/app/node_modules/.vite/deps/src-T2DHKQQI.js?v=6be70a8e:174
[ 2091746ms] [ERROR] WebSocket connection to 'ws://localhost:10301/cable' failed: Error in connection establishment: net::ERR_CONNECTION_REFUSED @ http://localhost:10301/vite/@fs/app/node_modules/.vite/deps/src-T2DHKQQI.js?v=6be70a8e:174
[ 2102820ms] [ERROR] WebSocket connection to 'ws://localhost:10301/cable' failed: Error in connection establishment: net::ERR_CONNECTION_REFUSED @ http://localhost:10301/vite/@fs/app/node_modules/.vite/deps/src-T2DHKQQI.js?v=6be70a8e:174
[ 2116209ms] [ERROR] WebSocket connection to 'ws://localhost:10301/cable' failed: Error in connection establishment: net::ERR_CONNECTION_REFUSED @ http://localhost:10301/vite/@fs/app/node_modules/.vite/deps/src-T2DHKQQI.js?v=6be70a8e:174
[ 2130497ms] [ERROR] WebSocket connection to 'ws://localhost:10301/cable' failed: Error in connection establishment: net::ERR_CONNECTION_REFUSED @ http://localhost:10301/vite/@fs/app/node_modules/.vite/deps/src-T2DHKQQI.js?v=6be70a8e:174
[ 2147237ms] [ERROR] WebSocket connection to 'ws://localhost:10301/cable' failed: Error in connection establishment: net::ERR_CONNECTION_REFUSED @ http://localhost:10301/vite/@fs/app/node_modules/.vite/deps/src-T2DHKQQI.js?v=6be70a8e:174
[ 2167703ms] [ERROR] WebSocket connection to 'ws://localhost:10301/cable' failed: Error in connection establishment: net::ERR_CONNECTION_REFUSED @ http://localhost:10301/vite/@fs/app/node_modules/.vite/deps/src-T2DHKQQI.js?v=6be70a8e:174
[ 2190534ms] [ERROR] WebSocket connection to 'ws://localhost:10301/cable' failed: Error in connection establishment: net::ERR_CONNECTION_REFUSED @ http://localhost:10301/vite/@fs/app/node_modules/.vite/deps/src-T2DHKQQI.js?v=6be70a8e:174
[ 2216285ms] [ERROR] WebSocket connection to 'ws://localhost:10301/cable' failed: Error in connection establishment: net::ERR_CONNECTION_REFUSED @ http://localhost:10301/vite/@fs/app/node_modules/.vite/deps/src-T2DHKQQI.js?v=6be70a8e:174
[ 2241982ms] [ERROR] WebSocket connection to 'ws://localhost:10301/cable' failed: Error in connection establishment: net::ERR_CONNECTION_REFUSED @ http://localhost:10301/vite/@fs/app/node_modules/.vite/deps/src-T2DHKQQI.js?v=6be70a8e:174
[ 2266983ms] [ERROR] WebSocket connection to 'ws://localhost:10301/cable' failed: Error in connection establishment: net::ERR_CONNECTION_REFUSED @ http://localhost:10301/vite/@fs/app/node_modules/.vite/deps/src-T2DHKQQI.js?v=6be70a8e:174
[ 2294450ms] [ERROR] WebSocket connection to 'ws://localhost:10301/cable' failed: Error in connection establishment: net::ERR_CONNECTION_REFUSED @ http://localhost:10301/vite/@fs/app/node_modules/.vite/deps/src-T2DHKQQI.js?v=6be70a8e:174
[ 2320593ms] [ERROR] WebSocket connection to 'ws://localhost:10301/cable' failed: Error in connection establishment: net::ERR_CONNECTION_REFUSED @ http://localhost:10301/vite/@fs/app/node_modules/.vite/deps/src-T2DHKQQI.js?v=6be70a8e:174
[ 2347329ms] [ERROR] WebSocket connection to 'ws://localhost:10301/cable' failed: Error in connection establishment: net::ERR_CONNECTION_REFUSED @ http://localhost:10301/vite/@fs/app/node_modules/.vite/deps/src-T2DHKQQI.js?v=6be70a8e:174
[ 2372642ms] [ERROR] WebSocket connection to 'ws://localhost:10301/cable' failed: Error in connection establishment: net::ERR_CONNECTION_REFUSED @ http://localhost:10301/vite/@fs/app/node_modules/.vite/deps/src-T2DHKQQI.js?v=6be70a8e:174
[ 2398832ms] [ERROR] WebSocket connection to 'ws://localhost:10301/cable' failed: Error in connection establishment: net::ERR_CONNECTION_REFUSED @ http://localhost:10301/vite/@fs/app/node_modules/.vite/deps/src-T2DHKQQI.js?v=6be70a8e:174
[ 2424631ms] [ERROR] WebSocket connection to 'ws://localhost:10301/cable' failed: Error in connection establishment: net::ERR_CONNECTION_REFUSED @ http://localhost:10301/vite/@fs/app/node_modules/.vite/deps/src-T2DHKQQI.js?v=6be70a8e:174
[ 2449220ms] [ERROR] WebSocket connection to 'ws://localhost:10301/cable' failed: Error in connection establishment: net::ERR_CONNECTION_REFUSED @ http://localhost:10301/vite/@fs/app/node_modules/.vite/deps/src-T2DHKQQI.js?v=6be70a8e:174
[ 2477118ms] [ERROR] WebSocket connection to 'ws://localhost:10301/cable' failed: Error in connection establishment: net::ERR_CONNECTION_REFUSED @ http://localhost:10301/vite/@fs/app/node_modules/.vite/deps/src-T2DHKQQI.js?v=6be70a8e:174
[ 2504577ms] [ERROR] WebSocket connection to 'ws://localhost:10301/cable' failed: Error in connection establishment: net::ERR_CONNECTION_REFUSED @ http://localhost:10301/vite/@fs/app/node_modules/.vite/deps/src-T2DHKQQI.js?v=6be70a8e:174
[ 2529272ms] [ERROR] WebSocket connection to 'ws://localhost:10301/cable' failed: Error in connection establishment: net::ERR_CONNECTION_REFUSED @ http://localhost:10301/vite/@fs/app/node_modules/.vite/deps/src-T2DHKQQI.js?v=6be70a8e:174
[ 2554845ms] [ERROR] WebSocket connection to 'ws://localhost:10301/cable' failed: Error in connection establishment: net::ERR_CONNECTION_REFUSED @ http://localhost:10301/vite/@fs/app/node_modules/.vite/deps/src-T2DHKQQI.js?v=6be70a8e:174
[ 2582733ms] [ERROR] WebSocket connection to 'ws://localhost:10301/cable' failed: Error in connection establishment: net::ERR_CONNECTION_REFUSED @ http://localhost:10301/vite/@fs/app/node_modules/.vite/deps/src-T2DHKQQI.js?v=6be70a8e:174
[ 2607142ms] [ERROR] WebSocket connection to 'ws://localhost:10301/cable' failed: Error in connection establishment: net::ERR_CONNECTION_REFUSED @ http://localhost:10301/vite/@fs/app/node_modules/.vite/deps/src-T2DHKQQI.js?v=6be70a8e:174
[ 2634618ms] [ERROR] WebSocket connection to 'ws://localhost:10301/cable' failed: Error in connection establishment: net::ERR_CONNECTION_REFUSED @ http://localhost:10301/vite/@fs/app/node_modules/.vite/deps/src-T2DHKQQI.js?v=6be70a8e:174
[ 2661643ms] [ERROR] WebSocket connection to 'ws://localhost:10301/cable' failed: Error in connection establishment: net::ERR_CONNECTION_REFUSED @ http://localhost:10301/vite/@fs/app/node_modules/.vite/deps/src-T2DHKQQI.js?v=6be70a8e:174
[ 2688089ms] [ERROR] WebSocket connection to 'ws://localhost:10301/cable' failed: Error in connection establishment: net::ERR_CONNECTION_REFUSED @ http://localhost:10301/vite/@fs/app/node_modules/.vite/deps/src-T2DHKQQI.js?v=6be70a8e:174
[ 2712562ms] [ERROR] WebSocket connection to 'ws://localhost:10301/cable' failed: Error in connection establishment: net::ERR_CONNECTION_REFUSED @ http://localhost:10301/vite/@fs/app/node_modules/.vite/deps/src-T2DHKQQI.js?v=6be70a8e:174
[ 2737008ms] [ERROR] WebSocket connection to 'ws://localhost:10301/cable' failed: Error in connection establishment: net::ERR_CONNECTION_REFUSED @ http://localhost:10301/vite/@fs/app/node_modules/.vite/deps/src-T2DHKQQI.js?v=6be70a8e:174
[ 2762408ms] [ERROR] WebSocket connection to 'ws://localhost:10301/cable' failed: Error during WebSocket handshake: net::ERR_CONNECTION_RESET @ http://localhost:10301/vite/@fs/app/node_modules/.vite/deps/src-T2DHKQQI.js?v=6be70a8e:174
[ 2788906ms] [ERROR] WebSocket connection to 'ws://localhost:10301/cable' failed: Error in connection establishment: net::ERR_CONNECTION_REFUSED @ http://localhost:10301/vite/@fs/app/node_modules/.vite/deps/src-T2DHKQQI.js?v=6be70a8e:174
[ 2815840ms] [ERROR] WebSocket connection to 'ws://localhost:10301/cable' failed: Error during WebSocket handshake: Unexpected response code: 500 @ http://localhost:10301/vite/@fs/app/node_modules/.vite/deps/src-T2DHKQQI.js?v=6be70a8e:174
