[     228ms] [ERROR] WebSocket connection to 'ws://127.0.0.1:10302/vite/?token=cVb4iiXRRHie' failed: Error during WebSocket handshake: net::ERR_CONNECTION_RESET @ http://localhost:10301/vite/@vite/client:744
[     228ms] [ERROR] [vite] failed to connect to websocket (Error: WebSocket closed without opened.).  @ http://localhost:10301/vite/@vite/client:771
[     229ms] Error: WebSocket closed without opened.
    at WebSocket.<anonymous> (http://localhost:10301/vite/@vite/client:423:30)
[    1757ms] [INFO] [pwa] sw registered, scope: http://localhost:10301/ @ http://localhost:10301/vite/entrypoints/pwa.js:7
[  423435ms] [ERROR] Failed to load resource: the server responded with a status of 503 (Service Unavailable) @ http://localhost:10301/kid/academy/subjects/dinheiro-vida/missions/impulso-perigoso/advance:0
[  463393ms] [ERROR] Failed to load resource: the server responded with a status of 503 (Service Unavailable) @ http://localhost:10301/kid/academy/subjects/dinheiro-vida/missions/impulso-perigoso:0
[  463442ms] [ERROR] WebSocket connection to 'ws://127.0.0.1:10302/vite/?token=cVb4iiXRRHie' failed: Error in connection establishment: net::ERR_SOCKET_NOT_CONNECTED @ http://localhost:10301/vite/@vite/client:744
[  463442ms] [ERROR] [vite] failed to connect to websocket (Error: WebSocket closed without opened.).  @ http://localhost:10301/vite/@vite/client:771
[  463444ms] Error: WebSocket closed without opened.
    at WebSocket.<anonymous> (http://localhost:10301/vite/@vite/client:423:30)
[  463549ms] [INFO] [pwa] sw registered, scope: http://localhost:10301/ @ http://localhost:10301/vite/entrypoints/pwa.js:7
[  466388ms] [ERROR] Failed to load resource: the server responded with a status of 503 (Service Unavailable) @ http://localhost:10301/kid/academy/subjects/dinheiro-vida/missions/impulso-perigoso:0
[  466441ms] [ERROR] WebSocket connection to 'ws://127.0.0.1:10302/vite/?token=cVb4iiXRRHie' failed: Error in connection establishment: net::ERR_SOCKET_NOT_CONNECTED @ http://localhost:10301/vite/@vite/client:744
[  466441ms] [ERROR] [vite] failed to connect to websocket (Error: WebSocket closed without opened.).  @ http://localhost:10301/vite/@vite/client:771
[  466443ms] Error: WebSocket closed without opened.
    at WebSocket.<anonymous> (http://localhost:10301/vite/@vite/client:423:30)
[  466489ms] [INFO] [pwa] sw registered, scope: http://localhost:10301/ @ http://localhost:10301/vite/entrypoints/pwa.js:7
[  469224ms] [ERROR] Failed to load resource: the server responded with a status of 503 (Service Unavailable) @ http://localhost:10301/kid/academy/subjects/dinheiro-vida/missions/impulso-perigoso:0
[  470765ms] [ERROR] Failed to load resource: the server responded with a status of 503 (Service Unavailable) @ http://localhost:10301/kid/academy/subjects/dinheiro-vida/missions/impulso-perigoso:0
[  470812ms] [ERROR] WebSocket connection to 'ws://127.0.0.1:10302/vite/?token=cVb4iiXRRHie' failed: Error during WebSocket handshake: net::ERR_CONNECTION_RESET @ http://localhost:10301/vite/@vite/client:744
[  470812ms] [ERROR] [vite] failed to connect to websocket (Error: WebSocket closed without opened.).  @ http://localhost:10301/vite/@vite/client:771
[  470814ms] Error: WebSocket closed without opened.
    at WebSocket.<anonymous> (http://localhost:10301/vite/@vite/client:423:30)
[  470861ms] [INFO] [pwa] sw registered, scope: http://localhost:10301/ @ http://localhost:10301/vite/entrypoints/pwa.js:7
